now: 0
    i: 1
  5 6 17 20 22 24 25 28 29 30 33 39 40 44 
 i: 2
  1 4 5 11 16 23 27 32 42 
 i: 3
  14 19 31 36 41 45 
 i: 4
  1 2 3 11 16 
 i: 5
  5 28 37 38 39 
 i: 6
  6 7 12 17 18 
 i: 7
  9 10 14 19 31 
 i: 8
  5 23 37 43 
 i: 9
  17 25 30 33 
 i: 10
  8 14 17 26 
 i: 11
  8 13 17 18 
 i: 12
  26 34 35 41 
 i: 13
  7 12 13 18 
 i: 14
  10 15 19 
 i: 15
  14 35 41 
 i: 16
  8 9 14 
 i: 17
  5 37 38 
 i: 18
  7 8 13 
 i: 19
  17 34 41 
 i: 20
  1 21 32 
 i: 21
  14 26 35 
 i: 22
  20 24 29 
 i: 23
  3 4 11 
 i: 24
  17 26 34 
 i: 25
  17 34 
 i: 26
  1 32 
 i: 27
  21 32 
 i: 28
  1 2 
 i: 29
  23 43 
 i: 30
  20 29 
 i: 31
  17 26 
 i: 32
  17 18 
 i: 33
  1 16 
 i: 34
  1 21 
 i: 35
  15 19 
 i: 36
  9 14 
 i: 37
  8 14 
 i: 38
  5 6 
 i: 39
  17 
 i: 40
  20 
 i: 41
  5 
 i: 42
  8 
 i: 43
  6 

now: 1
    i: 1
  5 
 i: 2
  1 4 5 11 16 23 27 32 42 
 i: 3
  14 19 31 36 41 45 
 i: 4
  1 2 3 11 16 
 i: 5
  5 37 38 
 i: 6
  5 7 12 18 
 i: 7
  9 10 14 19 31 
 i: 8
  5 23 37 43 
 i: 9
  5 
 i: 10
  5 8 14 26 
 i: 11
  5 8 13 18 
 i: 12
  26 34 35 41 
 i: 13
  7 12 13 18 
 i: 14
  10 15 19 
 i: 15
  14 35 41 
 i: 16
  8 9 14 
 i: 17
  5 37 38 
 i: 18
  7 8 13 
 i: 19
  5 34 41 
 i: 20
  1 21 32 
 i: 21
  14 26 35 
 i: 22
  5 
 i: 23
  3 4 11 
 i: 24
  5 26 34 
 i: 25
  5 34 
 i: 26
  1 32 
 i: 27
  21 32 
 i: 28
  1 2 
 i: 29
  23 43 
 i: 30
  5 
 i: 31
  5 26 
 i: 32
  5 18 
 i: 33
  1 16 
 i: 34
  1 21 
 i: 35
  15 19 
 i: 36
  9 14 
 i: 37
  8 14 
 i: 38
  5 
 i: 39
  5 
 i: 40
  5 
 i: 41
  5 
 i: 42
  8 
 i: 43
  5 

now: 1
    i: 1
  1 4 5 11 16 23 27 32 42 
 i: 2
  14 19 31 36 41 45 
 i: 3
  1 2 3 11 16 
 i: 4
  9 10 14 19 31 
 i: 5
  5 7 12 18 
 i: 6
  5 23 37 43 
 i: 7
  5 8 14 26 
 i: 8
  5 8 13 18 
 i: 9
  26 34 35 41 
 i: 10
  7 12 13 18 
 i: 11
  1 21 32 
 i: 12
  5 26 34 
 i: 13
  3 4 11 
 i: 14
  14 26 35 
 i: 15
  5 34 41 
 i: 16
  7 8 13 
 i: 17
  8 9 14 
 i: 18
  14 35 41 
 i: 19
  10 15 19 
 i: 20
  5 37 38 
 i: 21
  5 37 38 
 i: 22
  1 2 
 i: 23
  8 14 
 i: 24
  9 14 
 i: 25
  15 19 
 i: 26
  1 21 
 i: 27
  1 16 
 i: 28
  5 18 
 i: 29
  5 26 
 i: 30
  23 43 
 i: 31
  21 32 
 i: 32
  1 32 
 i: 33
  5 34 
 i: 34
  5 
 i: 35
  5 
 i: 36
  8 
 i: 37
  5 
 i: 38
  5 
 i: 39
  5 
 i: 40
  5 
 i: 41
  5 
 i: 42
  5 
 i: 43
  5 

now: 2
    i: 1
  1 
 i: 2
  14 19 31 36 41 45 
 i: 3
  1 2 3 
 i: 4
  9 10 14 19 31 
 i: 5
  1 7 12 18 
 i: 6
  1 37 43 
 i: 7
  1 8 14 26 
 i: 8
  1 8 13 18 
 i: 9
  26 34 35 41 
 i: 10
  7 12 13 18 
 i: 11
  1 21 
 i: 12
  1 26 34 
 i: 13
  1 3 
 i: 14
  14 26 35 
 i: 15
  1 34 41 
 i: 16
  7 8 13 
 i: 17
  8 9 14 
 i: 18
  14 35 41 
 i: 19
  10 15 19 
 i: 20
  1 37 38 
 i: 21
  1 37 38 
 i: 22
  1 2 
 i: 23
  8 14 
 i: 24
  9 14 
 i: 25
  15 19 
 i: 26
  1 21 
 i: 27
  1 
 i: 28
  1 18 
 i: 29
  1 26 
 i: 30
  1 43 
 i: 31
  1 21 
 i: 32
  1 
 i: 33
  1 34 
 i: 34
  1 
 i: 35
  1 
 i: 36
  8 
 i: 37
  1 
 i: 38
  1 
 i: 39
  1 
 i: 40
  1 
 i: 41
  1 
 i: 42
  1 
 i: 43
  1 

now: 2
    i: 1
  14 19 31 36 41 45 
 i: 2
  9 10 14 19 31 
 i: 3
  1 7 12 18 
 i: 4
  1 8 14 26 
 i: 5
  1 8 13 18 
 i: 6
  26 34 35 41 
 i: 7
  7 12 13 18 
 i: 8
  1 26 34 
 i: 9
  1 37 38 
 i: 10
  1 37 38 
 i: 11
  10 15 19 
 i: 12
  14 35 41 
 i: 13
  8 9 14 
 i: 14
  7 8 13 
 i: 15
  1 34 41 
 i: 16
  14 26 35 
 i: 17
  1 37 43 
 i: 18
  1 2 3 
 i: 19
  1 18 
 i: 20
  1 21 
 i: 21
  1 2 
 i: 22
  1 26 
 i: 23
  1 43 
 i: 24
  1 21 
 i: 25
  1 34 
 i: 26
  9 14 
 i: 27
  8 14 
 i: 28
  1 3 
 i: 29
  1 21 
 i: 30
  15 19 
 i: 31
  1 
 i: 32
  1 
 i: 33
  1 
 i: 34
  1 
 i: 35
  1 
 i: 36
  1 
 i: 37
  1 
 i: 38
  1 
 i: 39
  8 
 i: 40
  1 
 i: 41
  1 
 i: 42
  1 
 i: 43
  1 

now: 3
    i: 1
  14 
 i: 2
  9 10 14 
 i: 3
  1 7 12 18 
 i: 4
  1 8 14 26 
 i: 5
  1 8 13 18 
 i: 6
  14 26 34 35 
 i: 7
  7 12 13 18 
 i: 8
  1 26 34 
 i: 9
  1 37 38 
 i: 10
  1 37 38 
 i: 11
  10 14 15 
 i: 12
  14 35 
 i: 13
  8 9 14 
 i: 14
  7 8 13 
 i: 15
  1 14 34 
 i: 16
  14 26 35 
 i: 17
  1 37 43 
 i: 18
  1 2 3 
 i: 19
  1 18 
 i: 20
  1 21 
 i: 21
  1 2 
 i: 22
  1 26 
 i: 23
  1 43 
 i: 24
  1 21 
 i: 25
  1 34 
 i: 26
  9 14 
 i: 27
  8 14 
 i: 28
  1 3 
 i: 29
  1 21 
 i: 30
  14 15 
 i: 31
  1 
 i: 32
  1 
 i: 33
  1 
 i: 34
  1 
 i: 35
  1 
 i: 36
  1 
 i: 37
  1 
 i: 38
  1 
 i: 39
  8 
 i: 40
  1 
 i: 41
  1 
 i: 42
  1 
 i: 43
  1 

now: 3
    i: 1
  1 7 12 18 
 i: 2
  1 8 14 26 
 i: 3
  1 8 13 18 
 i: 4
  14 26 34 35 
 i: 5
  7 12 13 18 
 i: 6
  9 10 14 
 i: 7
  1 2 3 
 i: 8
  1 37 43 
 i: 9
  14 26 35 
 i: 10
  1 14 34 
 i: 11
  7 8 13 
 i: 12
  8 9 14 
 i: 13
  10 14 15 
 i: 14
  1 37 38 
 i: 15
  1 37 38 
 i: 16
  1 26 34 
 i: 17
  1 26 
 i: 18
  1 34 
 i: 19
  9 14 
 i: 20
  8 14 
 i: 21
  1 3 
 i: 22
  1 21 
 i: 23
  14 15 
 i: 24
  1 43 
 i: 25
  1 21 
 i: 26
  1 2 
 i: 27
  1 21 
 i: 28
  1 18 
 i: 29
  14 35 
 i: 30
  1 
 i: 31
  1 
 i: 32
  1 
 i: 33
  1 
 i: 34
  8 
 i: 35
  1 
 i: 36
  1 
 i: 37
  1 
 i: 38
  1 
 i: 39
  1 
 i: 40
  1 
 i: 41
  1 
 i: 42
  1 
 i: 43
  14 

now: 4
    i: 1
  1 
 i: 2
  1 8 14 26 
 i: 3
  1 8 13 
 i: 4
  14 26 34 35 
 i: 5
  1 13 
 i: 6
  9 10 14 
 i: 7
  1 2 3 
 i: 8
  1 37 43 
 i: 9
  14 26 35 
 i: 10
  1 14 34 
 i: 11
  1 8 13 
 i: 12
  8 9 14 
 i: 13
  10 14 15 
 i: 14
  1 37 38 
 i: 15
  1 37 38 
 i: 16
  1 26 34 
 i: 17
  1 26 
 i: 18
  1 34 
 i: 19
  9 14 
 i: 20
  8 14 
 i: 21
  1 3 
 i: 22
  1 21 
 i: 23
  14 15 
 i: 24
  1 43 
 i: 25
  1 21 
 i: 26
  1 2 
 i: 27
  1 21 
 i: 28
  1 
 i: 29
  14 35 
 i: 30
  1 
 i: 31
  1 
 i: 32
  1 
 i: 33
  1 
 i: 34
  8 
 i: 35
  1 
 i: 36
  1 
 i: 37
  1 
 i: 38
  1 
 i: 39
  1 
 i: 40
  1 
 i: 41
  1 
 i: 42
  1 
 i: 43
  14 

now: 4
    i: 1
  1 8 14 26 
 i: 2
  14 26 34 35 
 i: 3
  1 8 13 
 i: 4
  1 26 34 
 i: 5
  1 37 38 
 i: 6
  1 37 38 
 i: 7
  10 14 15 
 i: 8
  8 9 14 
 i: 9
  1 14 34 
 i: 10
  14 26 35 
 i: 11
  1 37 43 
 i: 12
  1 2 3 
 i: 13
  9 10 14 
 i: 14
  1 8 13 
 i: 15
  1 21 
 i: 16
  14 35 
 i: 17
  1 21 
 i: 18
  1 2 
 i: 19
  1 21 
 i: 20
  1 43 
 i: 21
  14 15 
 i: 22
  1 3 
 i: 23
  8 14 
 i: 24
  9 14 
 i: 25
  1 34 
 i: 26
  1 26 
 i: 27
  1 13 
 i: 28
  14 
 i: 29
  1 
 i: 30
  1 
 i: 31
  1 
 i: 32
  1 
 i: 33
  1 
 i: 34
  1 
 i: 35
  1 
 i: 36
  1 
 i: 37
  1 
 i: 38
  8 
 i: 39
  1 
 i: 40
  1 
 i: 41
  1 
 i: 42
  1 
 i: 43
  1 

now: 5
    i: 1
  1 
 i: 2
  1 34 35 
 i: 3
  1 13 
 i: 4
  1 34 
 i: 5
  1 37 38 
 i: 6
  1 37 38 
 i: 7
  1 10 15 
 i: 8
  1 9 
 i: 9
  1 34 
 i: 10
  1 35 
 i: 11
  1 37 43 
 i: 12
  1 2 3 
 i: 13
  1 9 10 
 i: 14
  1 13 
 i: 15
  1 21 
 i: 16
  1 35 
 i: 17
  1 21 
 i: 18
  1 2 
 i: 19
  1 21 
 i: 20
  1 43 
 i: 21
  1 15 
 i: 22
  1 3 
 i: 23
  1 
 i: 24
  1 9 
 i: 25
  1 34 
 i: 26
  1 
 i: 27
  1 13 
 i: 28
  1 
 i: 29
  1 
 i: 30
  1 
 i: 31
  1 
 i: 32
  1 
 i: 33
  1 
 i: 34
  1 
 i: 35
  1 
 i: 36
  1 
 i: 37
  1 
 i: 38
  1 
 i: 39
  1 
 i: 40
  1 
 i: 41
  1 
 i: 42
  1 
 i: 43
  1 

now: 5
    i: 1
  1 34 35 
 i: 2
  1 37 38 
 i: 3
  1 37 38 
 i: 4
  1 10 15 
 i: 5
  1 37 43 
 i: 6
  1 2 3 
 i: 7
  1 9 10 
 i: 8
  1 3 
 i: 9
  1 13 
 i: 10
  1 34 
 i: 11
  1 9 
 i: 12
  1 15 
 i: 13
  1 43 
 i: 14
  1 21 
 i: 15
  1 2 
 i: 16
  1 21 
 i: 17
  1 21 
 i: 18
  1 13 
 i: 19
  1 34 
 i: 20
  1 9 
 i: 21
  1 35 
 i: 22
  1 34 
 i: 23
  1 35 
 i: 24
  1 13 
 i: 25
  1 
 i: 26
  1 
 i: 27
  1 
 i: 28
  1 
 i: 29
  1 
 i: 30
  1 
 i: 31
  1 
 i: 32
  1 
 i: 33
  1 
 i: 34
  1 
 i: 35
  1 
 i: 36
  1 
 i: 37
  1 
 i: 38
  1 
 i: 39
  1 
 i: 40
  1 
 i: 41
  1 
 i: 42
  1 
 i: 43
  1 

now: 6
    i: 1
  1 
 i: 2
  1 37 38 
 i: 3
  1 37 38 
 i: 4
  1 10 15 
 i: 5
  1 37 43 
 i: 6
  1 2 3 
 i: 7
  1 9 10 
 i: 8
  1 3 
 i: 9
  1 13 
 i: 10
  1 
 i: 11
  1 9 
 i: 12
  1 15 
 i: 13
  1 43 
 i: 14
  1 21 
 i: 15
  1 2 
 i: 16
  1 21 
 i: 17
  1 21 
 i: 18
  1 13 
 i: 19
  1 
 i: 20
  1 9 
 i: 21
  1 
 i: 22
  1 
 i: 23
  1 
 i: 24
  1 13 
 i: 25
  1 
 i: 26
  1 
 i: 27
  1 
 i: 28
  1 
 i: 29
  1 
 i: 30
  1 
 i: 31
  1 
 i: 32
  1 
 i: 33
  1 
 i: 34
  1 
 i: 35
  1 
 i: 36
  1 
 i: 37
  1 
 i: 38
  1 
 i: 39
  1 
 i: 40
  1 
 i: 41
  1 
 i: 42
  1 
 i: 43
  1 

now: 6
    i: 1
  1 37 38 
 i: 2
  1 37 38 
 i: 3
  1 10 15 
 i: 4
  1 37 43 
 i: 5
  1 2 3 
 i: 6
  1 9 10 
 i: 7
  1 21 
 i: 8
  1 13 
 i: 9
  1 9 
 i: 10
  1 13 
 i: 11
  1 21 
 i: 12
  1 2 
 i: 13
  1 21 
 i: 14
  1 15 
 i: 15
  1 43 
 i: 16
  1 9 
 i: 17
  1 13 
 i: 18
  1 3 
 i: 19
  1 
 i: 20
  1 
 i: 21
  1 
 i: 22
  1 
 i: 23
  1 
 i: 24
  1 
 i: 25
  1 
 i: 26
  1 
 i: 27
  1 
 i: 28
  1 
 i: 29
  1 
 i: 30
  1 
 i: 31
  1 
 i: 32
  1 
 i: 33
  1 
 i: 34
  1 
 i: 35
  1 
 i: 36
  1 
 i: 37
  1 
 i: 38
  1 
 i: 39
  1 
 i: 40
  1 
 i: 41
  1 
 i: 42
  1 
 i: 43
  1 

now: 7
    i: 1
  1 
 i: 2
  1 
 i: 3
  1 10 15 
 i: 4
  1 43 
 i: 5
  1 2 3 
 i: 6
  1 9 10 
 i: 7
  1 21 
 i: 8
  1 13 
 i: 9
  1 9 
 i: 10
  1 13 
 i: 11
  1 21 
 i: 12
  1 2 
 i: 13
  1 21 
 i: 14
  1 15 
 i: 15
  1 43 
 i: 16
  1 9 
 i: 17
  1 13 
 i: 18
  1 3 
 i: 19
  1 
 i: 20
  1 
 i: 21
  1 
 i: 22
  1 
 i: 23
  1 
 i: 24
  1 
 i: 25
  1 
 i: 26
  1 
 i: 27
  1 
 i: 28
  1 
 i: 29
  1 
 i: 30
  1 
 i: 31
  1 
 i: 32
  1 
 i: 33
  1 
 i: 34
  1 
 i: 35
  1 
 i: 36
  1 
 i: 37
  1 
 i: 38
  1 
 i: 39
  1 
 i: 40
  1 
 i: 41
  1 
 i: 42
  1 
 i: 43
  1 

now: 7
    i: 1
  1 10 15 
 i: 2
  1 2 3 
 i: 3
  1 9 10 
 i: 4
  1 13 
 i: 5
  1 3 
 i: 6
  1 13 
 i: 7
  1 9 
 i: 8
  1 43 
 i: 9
  1 15 
 i: 10
  1 21 
 i: 11
  1 2 
 i: 12
  1 21 
 i: 13
  1 9 
 i: 14
  1 13 
 i: 15
  1 21 
 i: 16
  1 43 
 i: 17
  1 
 i: 18
  1 
 i: 19
  1 
 i: 20
  1 
 i: 21
  1 
 i: 22
  1 
 i: 23
  1 
 i: 24
  1 
 i: 25
  1 
 i: 26
  1 
 i: 27
  1 
 i: 28
  1 
 i: 29
  1 
 i: 30
  1 
 i: 31
  1 
 i: 32
  1 
 i: 33
  1 
 i: 34
  1 
 i: 35
  1 
 i: 36
  1 
 i: 37
  1 
 i: 38
  1 
 i: 39
  1 
 i: 40
  1 
 i: 41
  1 
 i: 42
  1 
 i: 43
  1 

now: 8
    i: 1
  1 
 i: 2
  1 2 3 
 i: 3
  1 9 
 i: 4
  1 13 
 i: 5
  1 3 
 i: 6
  1 13 
 i: 7
  1 9 
 i: 8
  1 43 
 i: 9
  1 
 i: 10
  1 21 
 i: 11
  1 2 
 i: 12
  1 21 
 i: 13
  1 9 
 i: 14
  1 13 
 i: 15
  1 21 
 i: 16
  1 43 
 i: 17
  1 
 i: 18
  1 
 i: 19
  1 
 i: 20
  1 
 i: 21
  1 
 i: 22
  1 
 i: 23
  1 
 i: 24
  1 
 i: 25
  1 
 i: 26
  1 
 i: 27
  1 
 i: 28
  1 
 i: 29
  1 
 i: 30
  1 
 i: 31
  1 
 i: 32
  1 
 i: 33
  1 
 i: 34
  1 
 i: 35
  1 
 i: 36
  1 
 i: 37
  1 
 i: 38
  1 
 i: 39
  1 
 i: 40
  1 
 i: 41
  1 
 i: 42
  1 
 i: 43
  1 

now: 8
    i: 1
  1 2 3 
 i: 2
  1 21 
 i: 3
  1 43 
 i: 4
  1 13 
 i: 5
  1 9 
 i: 6
  1 21 
 i: 7
  1 2 
 i: 8
  1 21 
 i: 9
  1 43 
 i: 10
  1 9 
 i: 11
  1 13 
 i: 12
  1 3 
 i: 13
  1 13 
 i: 14
  1 9 
 i: 15
  1 
 i: 16
  1 
 i: 17
  1 
 i: 18
  1 
 i: 19
  1 
 i: 20
  1 
 i: 21
  1 
 i: 22
  1 
 i: 23
  1 
 i: 24
  1 
 i: 25
  1 
 i: 26
  1 
 i: 27
  1 
 i: 28
  1 
 i: 29
  1 
 i: 30
  1 
 i: 31
  1 
 i: 32
  1 
 i: 33
  1 
 i: 34
  1 
 i: 35
  1 
 i: 36
  1 
 i: 37
  1 
 i: 38
  1 
 i: 39
  1 
 i: 40
  1 
 i: 41
  1 
 i: 42
  1 
 i: 43
  1 

now: 9
    i: 1
  1 
 i: 2
  1 21 
 i: 3
  1 43 
 i: 4
  1 13 
 i: 5
  1 9 
 i: 6
  1 21 
 i: 7
  1 
 i: 8
  1 21 
 i: 9
  1 43 
 i: 10
  1 9 
 i: 11
  1 13 
 i: 12
  1 
 i: 13
  1 13 
 i: 14
  1 9 
 i: 15
  1 
 i: 16
  1 
 i: 17
  1 
 i: 18
  1 
 i: 19
  1 
 i: 20
  1 
 i: 21
  1 
 i: 22
  1 
 i: 23
  1 
 i: 24
  1 
 i: 25
  1 
 i: 26
  1 
 i: 27
  1 
 i: 28
  1 
 i: 29
  1 
 i: 30
  1 
 i: 31
  1 
 i: 32
  1 
 i: 33
  1 
 i: 34
  1 
 i: 35
  1 
 i: 36
  1 
 i: 37
  1 
 i: 38
  1 
 i: 39
  1 
 i: 40
  1 
 i: 41
  1 
 i: 42
  1 
 i: 43
  1 

now: 9
    i: 1
  1 21 
 i: 2
  1 9 
 i: 3
  1 13 
 i: 4
  1 13 
 i: 5
  1 9 
 i: 6
  1 43 
 i: 7
  1 21 
 i: 8
  1 21 
 i: 9
  1 9 
 i: 10
  1 13 
 i: 11
  1 43 
 i: 12
  1 
 i: 13
  1 
 i: 14
  1 
 i: 15
  1 
 i: 16
  1 
 i: 17
  1 
 i: 18
  1 
 i: 19
  1 
 i: 20
  1 
 i: 21
  1 
 i: 22
  1 
 i: 23
  1 
 i: 24
  1 
 i: 25
  1 
 i: 26
  1 
 i: 27
  1 
 i: 28
  1 
 i: 29
  1 
 i: 30
  1 
 i: 31
  1 
 i: 32
  1 
 i: 33
  1 
 i: 34
  1 
 i: 35
  1 
 i: 36
  1 
 i: 37
  1 
 i: 38
  1 
 i: 39
  1 
 i: 40
  1 
 i: 41
  1 
 i: 42
  1 
 i: 43
  1 

now: 10
    i: 1
  1 
 i: 2
  1 9 
 i: 3
  1 13 
 i: 4
  1 13 
 i: 5
  1 9 
 i: 6
  1 43 
 i: 7
  1 
 i: 8
  1 
 i: 9
  1 9 
 i: 10
  1 13 
 i: 11
  1 43 
 i: 12
  1 
 i: 13
  1 
 i: 14
  1 
 i: 15
  1 
 i: 16
  1 
 i: 17
  1 
 i: 18
  1 
 i: 19
  1 
 i: 20
  1 
 i: 21
  1 
 i: 22
  1 
 i: 23
  1 
 i: 24
  1 
 i: 25
  1 
 i: 26
  1 
 i: 27
  1 
 i: 28
  1 
 i: 29
  1 
 i: 30
  1 
 i: 31
  1 
 i: 32
  1 
 i: 33
  1 
 i: 34
  1 
 i: 35
  1 
 i: 36
  1 
 i: 37
  1 
 i: 38
  1 
 i: 39
  1 
 i: 40
  1 
 i: 41
  1 
 i: 42
  1 
 i: 43
  1 

now: 10
    i: 1
  1 9 
 i: 2
  1 43 
 i: 3
  1 13 
 i: 4
  1 9 
 i: 5
  1 43 
 i: 6
  1 9 
 i: 7
  1 13 
 i: 8
  1 13 
 i: 9
  1 
 i: 10
  1 
 i: 11
  1 
 i: 12
  1 
 i: 13
  1 
 i: 14
  1 
 i: 15
  1 
 i: 16
  1 
 i: 17
  1 
 i: 18
  1 
 i: 19
  1 
 i: 20
  1 
 i: 21
  1 
 i: 22
  1 
 i: 23
  1 
 i: 24
  1 
 i: 25
  1 
 i: 26
  1 
 i: 27
  1 
 i: 28
  1 
 i: 29
  1 
 i: 30
  1 
 i: 31
  1 
 i: 32
  1 
 i: 33
  1 
 i: 34
  1 
 i: 35
  1 
 i: 36
  1 
 i: 37
  1 
 i: 38
  1 
 i: 39
  1 
 i: 40
  1 
 i: 41
  1 
 i: 42
  1 
 i: 43
  1 

now: 11
    i: 1
  1 
 i: 2
  1 43 
 i: 3
  1 13 
 i: 4
  1 
 i: 5
  1 43 
 i: 6
  1 
 i: 7
  1 13 
 i: 8
  1 13 
 i: 9
  1 
 i: 10
  1 
 i: 11
  1 
 i: 12
  1 
 i: 13
  1 
 i: 14
  1 
 i: 15
  1 
 i: 16
  1 
 i: 17
  1 
 i: 18
  1 
 i: 19
  1 
 i: 20
  1 
 i: 21
  1 
 i: 22
  1 
 i: 23
  1 
 i: 24
  1 
 i: 25
  1 
 i: 26
  1 
 i: 27
  1 
 i: 28
  1 
 i: 29
  1 
 i: 30
  1 
 i: 31
  1 
 i: 32
  1 
 i: 33
  1 
 i: 34
  1 
 i: 35
  1 
 i: 36
  1 
 i: 37
  1 
 i: 38
  1 
 i: 39
  1 
 i: 40
  1 
 i: 41
  1 
 i: 42
  1 
 i: 43
  1 

now: 11
    i: 1
  1 43 
 i: 2
  1 13 
 i: 3
  1 43 
 i: 4
  1 13 
 i: 5
  1 13 
 i: 6
  1 
 i: 7
  1 
 i: 8
  1 
 i: 9
  1 
 i: 10
  1 
 i: 11
  1 
 i: 12
  1 
 i: 13
  1 
 i: 14
  1 
 i: 15
  1 
 i: 16
  1 
 i: 17
  1 
 i: 18
  1 
 i: 19
  1 
 i: 20
  1 
 i: 21
  1 
 i: 22
  1 
 i: 23
  1 
 i: 24
  1 
 i: 25
  1 
 i: 26
  1 
 i: 27
  1 
 i: 28
  1 
 i: 29
  1 
 i: 30
  1 
 i: 31
  1 
 i: 32
  1 
 i: 33
  1 
 i: 34
  1 
 i: 35
  1 
 i: 36
  1 
 i: 37
  1 
 i: 38
  1 
 i: 39
  1 
 i: 40
  1 
 i: 41
  1 
 i: 42
  1 
 i: 43
  1 

now: 12
    i: 1
  1 
 i: 2
  1 13 
 i: 3
  1 
 i: 4
  1 13 
 i: 5
  1 13 
 i: 6
  1 
 i: 7
  1 
 i: 8
  1 
 i: 9
  1 
 i: 10
  1 
 i: 11
  1 
 i: 12
  1 
 i: 13
  1 
 i: 14
  1 
 i: 15
  1 
 i: 16
  1 
 i: 17
  1 
 i: 18
  1 
 i: 19
  1 
 i: 20
  1 
 i: 21
  1 
 i: 22
  1 
 i: 23
  1 
 i: 24
  1 
 i: 25
  1 
 i: 26
  1 
 i: 27
  1 
 i: 28
  1 
 i: 29
  1 
 i: 30
  1 
 i: 31
  1 
 i: 32
  1 
 i: 33
  1 
 i: 34
  1 
 i: 35
  1 
 i: 36
  1 
 i: 37
  1 
 i: 38
  1 
 i: 39
  1 
 i: 40
  1 
 i: 41
  1 
 i: 42
  1 
 i: 43
  1 

now: 12
    i: 1
  1 13 
 i: 2
  1 13 
 i: 3
  1 13 
 i: 4
  1 
 i: 5
  1 
 i: 6
  1 
 i: 7
  1 
 i: 8
  1 
 i: 9
  1 
 i: 10
  1 
 i: 11
  1 
 i: 12
  1 
 i: 13
  1 
 i: 14
  1 
 i: 15
  1 
 i: 16
  1 
 i: 17
  1 
 i: 18
  1 
 i: 19
  1 
 i: 20
  1 
 i: 21
  1 
 i: 22
  1 
 i: 23
  1 
 i: 24
  1 
 i: 25
  1 
 i: 26
  1 
 i: 27
  1 
 i: 28
  1 
 i: 29
  1 
 i: 30
  1 
 i: 31
  1 
 i: 32
  1 
 i: 33
  1 
 i: 34
  1 
 i: 35
  1 
 i: 36
  1 
 i: 37
  1 
 i: 38
  1 
 i: 39
  1 
 i: 40
  1 
 i: 41
  1 
 i: 42
  1 
 i: 43
  1 

now: 13
    i: 1
  1 
 i: 2
  1 
 i: 3
  1 
 i: 4
  1 
 i: 5
  1 
 i: 6
  1 
 i: 7
  1 
 i: 8
  1 
 i: 9
  1 
 i: 10
  1 
 i: 11
  1 
 i: 12
  1 
 i: 13
  1 
 i: 14
  1 
 i: 15
  1 
 i: 16
  1 
 i: 17
  1 
 i: 18
  1 
 i: 19
  1 
 i: 20
  1 
 i: 21
  1 
 i: 22
  1 
 i: 23
  1 
 i: 24
  1 
 i: 25
  1 
 i: 26
  1 
 i: 27
  1 
 i: 28
  1 
 i: 29
  1 
 i: 30
  1 
 i: 31
  1 
 i: 32
  1 
 i: 33
  1 
 i: 34
  1 
 i: 35
  1 
 i: 36
  1 
 i: 37
  1 
 i: 38
  1 
 i: 39
  1 
 i: 40
  1 
 i: 41
  1 
 i: 42
  1 
 i: 43
  1 

now: 13
    i: 1
  1 
 i: 2
  1 
 i: 3
  1 
 i: 4
  1 
 i: 5
  1 
 i: 6
  1 
 i: 7
  1 
 i: 8
  1 
 i: 9
  1 
 i: 10
  1 
 i: 11
  1 
 i: 12
  1 
 i: 13
  1 
 i: 14
  1 
 i: 15
  1 
 i: 16
  1 
 i: 17
  1 
 i: 18
  1 
 i: 19
  1 
 i: 20
  1 
 i: 21
  1 
 i: 22
  1 
 i: 23
  1 
 i: 24
  1 
 i: 25
  1 
 i: 26
  1 
 i: 27
  1 
 i: 28
  1 
 i: 29
  1 
 i: 30
  1 
 i: 31
  1 
 i: 32
  1 
 i: 33
  1 
 i: 34
  1 
 i: 35
  1 
 i: 36
  1 
 i: 37
  1 
 i: 38
  1 
 i: 39
  1 
 i: 40
  1 
 i: 41
  1 
 i: 42
  1 
 i: 43
  1 

45
14